2024-07-16 15:33:46,858 :INFO :test_flipkart :Mobile page
2024-07-16 15:33:49,881 :DEBUG :test_flipkart :This is iphone 14 plus blue colour
2024-07-16 15:33:55,123 :INFO :test_flipkart :A memory of 256 gb
2024-07-16 15:33:55,978 :INFO :test_flipkart :This is groceries page
2024-07-16 15:34:22,223 :INFO :test_flipkart :Mobile page
2024-07-16 15:34:24,105 :DEBUG :test_flipkart :This is iphone 14 plus blue colour
2024-07-16 15:34:27,735 :INFO :test_flipkart :A memory of 256 gb
2024-07-16 15:34:57,308 :INFO :test_flipkart :Mobile page
2024-07-16 15:34:58,731 :DEBUG :test_flipkart :This is iphone 14 plus blue colour
2024-07-16 15:35:13,387 :INFO :test_flipkart :Mobile page
2024-07-16 15:35:15,072 :DEBUG :test_flipkart :This is iphone 14 plus blue colour
2024-07-16 15:35:18,972 :INFO :test_flipkart :A memory of 256 gb
2024-07-16 15:35:19,944 :INFO :test_flipkart :This is groceries page
2024-07-16 15:35:21,092 :INFO :test_flipkart :Search for ghee if you want ghee
2024-07-16 15:35:29,873 :INFO :test_flipkart :You will have iphone and ghee in your cart
2024-07-16 15:38:50,509 :INFO :test_flipkart :Mobile page
2024-07-16 15:38:52,626 :DEBUG :test_flipkart :This is iphone 14 plus blue colour
2024-07-16 15:38:55,863 :INFO :test_flipkart :A memory of 256 gb
2024-07-16 15:40:11,019 :INFO :test_flipkart :Mobile page
2024-07-16 15:40:14,624 :DEBUG :test_flipkart :This is iphone 14 plus blue colour
2024-07-16 15:40:19,947 :INFO :test_flipkart :A memory of 256 gb
2024-07-16 15:40:21,041 :INFO :test_flipkart :This is groceries page
2024-07-16 15:40:24,290 :INFO :test_flipkart :Search for ghee if you want ghee
2024-07-16 15:40:32,825 :INFO :test_flipkart :You will have iphone and ghee in your cart
2024-07-16 15:42:39,671 :INFO :test_flipkart :Mobile page
2024-07-16 15:42:43,286 :DEBUG :test_flipkart :This is iphone 14 plus blue colour
2024-07-16 15:42:49,327 :INFO :test_flipkart :A memory of 256 gb
2024-07-16 15:42:51,416 :INFO :test_flipkart :This is groceries page
2024-07-16 15:42:54,957 :INFO :test_flipkart :Search for ghee if you want ghee
2024-07-16 15:43:03,558 :INFO :test_flipkart :You will have iphone and ghee in your cart
